
**** 03/31/23 17:20:10 ******* PSpice 17.4.0 (Nov 2018) ******* ID# 0 ********

 ** Profile: "SCHEMATIC1-Sim123"  [ d:\orcad projects\lab_dig_elec_5\lab_dig_elec_5-PSpiceFiles\SCHEMATIC1\Sim123.sim ] 


 ****     CIRCUIT DESCRIPTION


******************************************************************************




** Creating circuit file "Sim123.cir" 
** WARNING: THIS AUTOMATICALLY GENERATED FILE MAY BE OVERWRITTEN BY SUBSEQUENT SIMULATIONS

*Libraries: 
* Profile Libraries :
* Local Libraries :
* From [PSPICE NETLIST] section of C:\Users\sixsi\AppData\Roaming\SPB_Data\cdssetup\OrCAD_PSpice\17.4.0\PSpice.ini file:
.lib "nom.lib" 

*Analysis directives: 
.TRAN  0 4m 3m 1u SKIPBP 
.OPTIONS ADVCONV
.PROBE64 V(alias(*)) I(alias(*)) W(alias(*)) D(alias(*)) NOISE(alias(*)) 
.INC "..\SCHEMATIC1.net" 



**** INCLUDING SCHEMATIC1.net ****
* source LAB_DIG_ELEC_5
V_V1         +5V 0 5V
C_C4         0 N05275  0.01n  TC=0,0 
R_RL         0 OUT2  10k TC=0,0 
C_C3         0 CAP  0.1u  TC=0,0 
X_U3         0 CAP OUT2 +5V N05275 CAP N06887 +5V 555C
D_D1         N06887 CAP D1N4148 
D_D2         N07637 N06887 D1N4148 
R_Roff         CAP N07637  4.1k TC=0,0 
R_Ron         N06887 +5V  1.05k TC=0,0 

**** RESUMING Sim123.cir ****
.END

**** 03/31/23 17:20:10 ******* PSpice 17.4.0 (Nov 2018) ******* ID# 0 ********

 ** Profile: "SCHEMATIC1-Sim123"  [ d:\orcad projects\lab_dig_elec_5\lab_dig_elec_5-PSpiceFiles\SCHEMATIC1\Sim123.sim ] 


 ****     Diode MODEL PARAMETERS


******************************************************************************




               D1N4148         X_U3.DIODE      
          IS    2.682000E-09   10.000000E-15 
           N    1.836                        
         ISR    1.565000E-09                 
         IKF     .04417                      
          BV  100                            
         IBV  100.000000E-06                 
          RS     .5664           .01         
          TT   11.540000E-09                 
         CJO    4.000000E-12                 
          VJ     .5                          
           M     .3333                       


**** 03/31/23 17:20:10 ******* PSpice 17.4.0 (Nov 2018) ******* ID# 0 ********

 ** Profile: "SCHEMATIC1-Sim123"  [ d:\orcad projects\lab_dig_elec_5\lab_dig_elec_5-PSpiceFiles\SCHEMATIC1\Sim123.sim ] 


 ****     Junction FET MODEL PARAMETERS


******************************************************************************




               X_U3.JNEMOD     
               NJF             
         VTO   -2.5          
        BETA    5.120000E-06 


**** 03/31/23 17:20:10 ******* PSpice 17.4.0 (Nov 2018) ******* ID# 0 ********

 ** Profile: "SCHEMATIC1-Sim123"  [ d:\orcad projects\lab_dig_elec_5\lab_dig_elec_5-PSpiceFiles\SCHEMATIC1\Sim123.sim ] 


 ****     MOSFET MODEL PARAMETERS


******************************************************************************




               X_U3.PCHAN555   X_U3.NCHAN555   
               PMOS            NMOS            
       LEVEL    1               1            
           L  100.000000E-06  100.000000E-06 
           W  100.000000E-06  100.000000E-06 
         VTO    -.2              .2          
          KP   20.000000E-06   20.000000E-06 
       GAMMA    0               0            
         PHI     .6              .6          
      LAMBDA    0               0            
          IS   10.000000E-15   10.000000E-15 
          JS    0               0            
          PB     .8              .8          
        PBSW     .8              .8          
          CJ    0               0            
        CJSW    0               0            
        CGSO    1.000000E-12    1.000000E-12 
        CGDO    1.000000E-12    1.000000E-12 
        CGBO    1.000000E-12    1.000000E-12 
         TOX    0               0            
          XJ    0               0            
       UCRIT   10.000000E+03   10.000000E+03 
      DIOMOD    1               1            
         VFB    0               0            
        LETA    0               0            
        WETA    0               0            
          U0    0               0            
        TEMP    0               0            
         VDD    5               5            
       XPART    0               0            


               X_U3.PCHAN555_OUT 
               PMOS            
       LEVEL    1            
           L  100.000000E-06 
           W  100.000000E-06 
         VTO    -.2          
          KP   20.000000E-06 
       GAMMA    0            
         PHI     .6          
      LAMBDA    0            
          IS   10.000000E-15 
          JS    0            
          PB     .8          
        PBSW     .8          
         CBD  200.000000E-12 
          CJ    0            
        CJSW    0            
        CGSO    1.000000E-12 
        CGDO    1.000000E-12 
        CGBO    1.000000E-12 
         TOX    0            
          XJ    0            
       UCRIT   10.000000E+03 
      DIOMOD    1            
         VFB    0            
        LETA    0            
        WETA    0            
          U0    0            
        TEMP    0            
         VDD    5            
       XPART    0            



          JOB CONCLUDED

**** 03/31/23 17:20:10 ******* PSpice 17.4.0 (Nov 2018) ******* ID# 0 ********

 ** Profile: "SCHEMATIC1-Sim123"  [ d:\orcad projects\lab_dig_elec_5\lab_dig_elec_5-PSpiceFiles\SCHEMATIC1\Sim123.sim ] 


 ****     JOB STATISTICS SUMMARY


******************************************************************************



  License check-out time            =       68.66
  Total job time (using Solver 1)   =         .38
